*************************0*************************
```json
[
    {
        "name": "咨询",
        "description": "询问信息或寻求帮助的行为"
    },
    {
        "name": "反馈",
        "description": "提供意见、建议或评价的行为"
    },
    {
        "name": "阐述",
        "description": "详细说明或解释某个观点或情况的行为"
    },
    {
        "name": "确认",
        "description": "验证信息正确性或确认理解的行为"
    },
    {
        "name": "解释",
        "description": "对某个概念、过程或现象进行解释的行为"
    },
    {
        "name": "请求",
        "description": "要求提供某种资源、服务或信息的行为"
    },
    {
        "name": "接受",
        "description": "同意或接收某项提议、请求或邀请的行为"
    },
    {
        "name": "问候",
        "description": "表达友好或礼貌的打招呼行为"
    },
    {
        "name": "闲聊",
        "description": "非正式交流，用于建立关系或轻松对话的行为"
    },
    {
        "name": "道歉",
        "description": "对错误或不便表示歉意的行为"
    },
    {
        "name": "感谢",
        "description": "对帮助、礼物或好意表示感激的行为"
    },
    {
        "name": "建议",
        "description": "提出解决方案或推荐选项的行为"
    }
]
```

## 修改建议

原始体系中缺少了一些基本的对话行为，例如道歉、感谢、建议等。这些行为在日常对话中非常常见，且对于构建更自然、更人性化的交互体验至关重要。

- **增加**：`道歉`、`感谢`、`建议`
- **描述**：为新增的对话行为提供了简短的描述，以确保它们能够准确地被理解和应用。

通过增加这些对话行为，体系变得更加完善，能够覆盖更多场景和需求，使得对话系统能够更好地适应各种交互情境。
*************************1*************************
```json
[
    {
        "name": "咨询",
        "description": "询问信息或寻求帮助的行为"
    },
    {
        "name": "反馈",
        "description": "提供意见、建议或评价的行为"
    },
    {
        "name": "阐述",
        "description": "详细说明或解释某个观点或情况的行为"
    },
    {
        "name": "确认",
        "description": "确认信息或请求的明确性，以确保理解无误的行为"
    },
    {
        "name": "解释",
        "description": "对某个概念、过程或现象进行详细说明的行为"
    },
    {
        "name": "请求",
        "description": "要求提供某种信息、服务或资源的行为"
    },
    {
        "name": "接受",
        "description": "同意或接收某项提议、邀请或提供的内容的行为"
    },
    {
        "name": "问候",
        "description": "表达友好或礼貌的打招呼行为"
    },
    {
        "name": "闲聊",
        "description": "非正式交流，用于建立联系或轻松对话的行为"
    },
    {
        "name": "道歉",
        "description": "对错误或不便表示歉意的行为"
    },
    {
        "name": "感谢",
        "description": "对帮助、礼物或好意表示感激的行为"
    },
    {
        "name": "拒绝",
        "description": "明确表示不愿意接受某项提议或邀请的行为"
    },
    {
        "name": "建议",
        "description": "提出解决方案或改进措施的行为"
    }
]
```

## 修改建议
原始体系中缺少了一些常见的对话行为，如道歉、感谢、拒绝和建议等。这些行为在实际对话中非常常见，因此应该被包含在内以确保体系的完善性。

修改后的体系包含了更多的对话行为类型，使得它能够更全面地覆盖各种对话场景中的可能行为。例如，“道歉”行为用于处理冲突或错误的情况，“感谢”行为用于表达对他人的正面反馈，“拒绝”行为用于明确表示不接受某些提议，“建议”行为则用于提出解决问题或改进的方案。这些新增的意图使得对话行为体系更加丰富和实用，能够更好地适应不同情境下的对话需求。
*************************2*************************
```json
[
    {
        "name": "咨询",
        "description": "询问信息或寻求帮助的行为"
    },
    {
        "name": "反馈",
        "description": "提供关于产品、服务或体验的意见或建议的行为"
    },
    {
        "name": "阐述",
        "description": "详细说明或解释某个观点、情况或问题的行为"
    },
    {
        "name": "确认",
        "description": "确认信息的准确性或请求对方确认的行为"
    },
    {
        "name": "解释",
        "description": "对某个概念、过程或现象进行详细说明的行为"
    },
    {
        "name": "请求",
        "description": "要求提供某种信息、服务或资源的行为"
    },
    {
        "name": "接受",
        "description": "同意或接受某项提议、邀请或条件的行为"
    },
    {
        "name": "问候",
        "description": "向对方表示友好或尊重的打招呼行为"
    },
    {
        "name": "闲聊",
        "description": "非正式交流，用于建立关系或轻松对话的行为"
    },
    {
        "name": "道歉",
        "description": "对错误或不便表示歉意的行为"
    },
    {
        "name": "感谢",
        "description": "对帮助、礼物或服务表示感激的行为"
    },
    {
        "name": "建议",
        "description": "提出解决方案或改进意见的行为"
    }
]
```

## 修改建议

原始体系中缺少了一些关键的对话行为，例如：

1. **道歉**：在对话中，当一方意识到自己犯了错误或者给对方带来了不便时，通常会使用这种行为来表达歉意。
2. **感谢**：当一方得到了帮助、礼物或服务时，通常会通过这种行为来表达感激之情。
3. **建议**：在讨论问题或寻求解决方案时，一方可能会提出自己的建议或想法。

因此，为了使对话行为体系更加完善，我建议增加上述三个行为，并对现有体系进行了扩展。这样，对于各种对话场景中的每一条对话（utterance），都能更准确地被标签为该体系中的一个和多个对话行为。
*************************3*************************
```json
[
    {
        "name": "咨询",
        "description": "询问信息或寻求帮助的行为"
    },
    {
        "name": "反馈",
        "description": "提供意见、建议或评价的行为"
    },
    {
        "name": "阐述",
        "description": "详细说明或解释某个观点或情况的行为"
    },
    {
        "name": "确认",
        "description": "验证信息正确性或确认理解的行为"
    },
    {
        "name": "解释",
        "description": "对某个概念、过程或现象进行详细说明的行为"
    },
    {
        "name": "请求",
        "description": "要求提供某种信息、服务或资源的行为"
    },
    {
        "name": "接受",
        "description": "同意或接收某项提议、邀请或提供的内容的行为"
    },
    {
        "name": "问候",
        "description": "表达友好或礼貌的打招呼行为"
    },
    {
        "name": "闲聊",
        "description": "非正式交流，用于建立联系或轻松对话的行为"
    },
    {
        "name": "道歉",
        "description": "对错误或不便表示歉意的行为"
    },
    {
        "name": "感谢",
        "description": "对帮助、礼物或好意表示感激的行为"
    },
    {
        "name": "建议",
        "description": "提出解决方案或推荐选项的行为"
    }
]
```

## 修改建议
原始体系中缺少了一些基本的对话行为，例如道歉、感谢和建议。这些行为在日常对话中非常常见，对于构建一个全面的对话行为体系是必要的。

- **增加**：`道歉`、`感谢`、`建议`
- **描述**：为新增的对话行为提供了简短的描述，以确保它们能够准确地被理解和应用。

通过以上修改，该对话行为体系变得更加完善，能够覆盖更多类型的对话场景和交流需求。
*************************4*************************
```json
[
    {
        "name": "咨询",
        "description": "询问信息或寻求帮助的行为"
    },
    {
        "name": "反馈",
        "description": "提供对产品、服务或体验的评价或意见的行为"
    },
    {
        "name": "阐述",
        "description": "详细说明或解释某个观点或情况的行为"
    },
    {
        "name": "确认",
        "description": "确认信息或请求的准确性的行为"
    },
    {
        "name": "解释",
        "description": "对某个概念、过程或现象进行详细说明的行为"
    },
    {
        "name": "请求",
        "description": "要求提供某种信息、服务或资源的行为"
    },
    {
        "name": "接受",
        "description": "同意或接受提议、邀请或条件的行为"
    },
    {
        "name": "问候",
        "description": "以礼貌的方式向对方打招呼的行为"
    },
    {
        "name": "闲聊",
        "description": "进行非正式、轻松的对话，通常不涉及特定主题或目的"
    },
    {
        "name": "道歉",
        "description": "对错误或不便表示歉意的行为"
    },
    {
        "name": "建议",
        "description": "提出解决方案或推荐选项的行为"
    },
    {
        "name": "拒绝",
        "description": "明确表示不愿意接受提议、邀请或条件的行为"
    },
    {
        "name": "确认同意",
        "description": "明确表示同意某项提议或条款的行为"
    }
]
```

## 修改建议
原始体系中缺少了一些基本的对话行为，例如道歉、建议、拒绝和确认同意。这些行为在日常对话中非常常见，因此应该包含在内以确保体系的全面性。此外，"闲聊"行为虽然被包括在内，但其描述可能需要更具体一些，以区分于其他可能的非正式对话场景。以上修改后的体系包含了更多的基本对话行为类型，使得它能够更好地覆盖各种对话场景。
*************************5*************************
```json
[
    {
        "name": "咨询",
        "description": "询问信息或寻求帮助的行为"
    },
    {
        "name": "反馈",
        "description": "提供意见、建议或评价的行为"
    },
    {
        "name": "阐述",
        "description": "详细说明或解释某个观点或情况的行为"
    },
    {
        "name": "确认",
        "description": "验证信息正确性或确认理解的行为"
    },
    {
        "name": "解释",
        "description": "对某个概念、过程或现象进行详细说明的行为"
    },
    {
        "name": "请求",
        "description": "要求提供某种资源、服务或信息的行为"
    },
    {
        "name": "接受",
        "description": "同意接受提议、邀请或提供的行为"
    },
    {
        "name": "问候",
        "description": "表达友好或礼貌的打招呼行为"
    },
    {
        "name": "闲聊",
        "description": "非正式交流，用于建立联系或轻松对话的行为"
    },
    {
        "name": "道歉",
        "description": "对错误或不便表示歉意的行为"
    },
    {
        "name": "感谢",
        "description": "对帮助、礼物或服务表示感激的行为"
    },
    {
        "name": "建议",
        "description": "提出解决方案或推荐选项的行为"
    },
    {
        "name": "拒绝",
        "description": "明确表示不愿意接受提议或邀请的行为"
    }
]
```

## 修改建议
原体系中缺少了一些常见且重要的对话行为，如道歉、感谢、建议和拒绝等。这些行为在实际对话中频繁出现，对于构建更全面、细致的对话行为框架至关重要。

- **增加**：`道歉`、`感谢`、`建议`、`拒绝`
- **描述**：为新增的对话行为提供了简短的描述，以便于理解和应用。

通过以上修改，该对话行为体系覆盖了更多场景中的对话需求，使得其在实际应用中更加完善和实用。
*************************6*************************
```json
[
    {
        "name": "咨询",
        "description": "询问信息或寻求帮助的行为"
    },
    {
        "name": "反馈",
        "description": "提供关于产品、服务或体验的评价或意见的行为"
    },
    {
        "name": "阐述",
        "description": "详细说明某个观点、情况或过程的行为"
    },
    {
        "name": "确认",
        "description": "验证信息准确性或确认理解的行为"
    },
    {
        "name": "解释",
        "description": "对某个概念、过程或现象进行说明的行为"
    },
    {
        "name": "请求",
        "description": "要求提供某种信息、服务或资源的行为"
    },
    {
        "name": "接受",
        "description": "同意或接收提议、邀请或提供的行为"
    },
    {
        "name": "问候",
        "description": "表达友好或礼貌的打招呼行为"
    },
    {
        "name": "闲聊",
        "description": "非正式交流，用于建立关系或轻松对话的行为"
    },
    {
        "name": "建议",
        "description": "提出解决方案或推荐选项的行为"
    },
    {
        "name": "道歉",
        "description": "对错误或不便表示歉意的行为"
    },
    {
        "name": "感谢",
        "description": "对帮助、礼物或好意表示感激的行为"
    }
]
```

## 修改建议

原始体系中缺少了一些基本的对话行为，例如“建议”、“道歉”和“感谢”。这些行为在日常对话中非常常见，对于构建一个全面的对话行为体系是必要的。因此，我建议增加这三个行为，并给出相应的描述。

修改后的体系覆盖了更多场景，使得它更加完善。
*************************7*************************
```json
[
    {
        "name": "咨询",
        "description": "询问信息或寻求帮助的行为"
    },
    {
        "name": "反馈",
        "description": "提供意见、建议或评价的行为"
    },
    {
        "name": "阐述",
        "description": "详细说明或解释某个观点或情况的行为"
    },
    {
        "name": "确认",
        "description": "验证信息正确性或确认理解的行为"
    },
    {
        "name": "解释",
        "description": "对某个概念、过程或现象进行详细说明的行为"
    },
    {
        "name": "请求",
        "description": "提出需求或要求的行为"
    },
    {
        "name": "接受",
        "description": "同意或接收提议、邀请或提供的内容的行为"
    },
    {
        "name": "问候",
        "description": "表达友好或礼貌的打招呼行为"
    },
    {
        "name": "闲聊",
        "description": "非正式交流，通常涉及日常话题或轻松对话的行为"
    },
    {
        "name": "道歉",
        "description": "对错误或不便表示歉意的行为"
    },
    {
        "name": "感谢",
        "description": "对帮助、礼物或服务表示感激的行为"
    },
    {
        "name": "建议",
        "description": "提出解决方案或推荐选项的行为"
    },
    {
        "name": "拒绝",
        "description": "明确表示不接受提议或拒绝邀请的行为"
    },
    {
        "name": "提醒",
        "description": "提醒对方注意某事或遵守约定的行为"
    }
]
```

## 修改建议
原体系中缺少了一些常见且重要的对话行为，如道歉、感谢、建议和拒绝等。这些行为在实际对话中频繁出现，对于构建全面的对话行为体系至关重要。因此，我建议增加这四个行为，并对原有体系进行了扩展。

修改后的体系覆盖了更多类型的行为，能够更准确地描述各种对话场景中的互动。
*************************8*************************
```json
[
    {
        "name": "咨询",
        "description": "询问信息或寻求帮助的行为"
    },
    {
        "name": "反馈",
        "description": "提供意见、建议或评价的行为"
    },
    {
        "name": "阐述",
        "description": "详细说明或解释某个观点或情况的行为"
    },
    {
        "name": "确认",
        "description": "验证信息正确性或确认理解的行为"
    },
    {
        "name": "解释",
        "description": "对某个概念、过程或现象进行详细说明的行为"
    },
    {
        "name": "请求",
        "description": "要求提供某种资源、服务或信息的行为"
    },
    {
        "name": "接受",
        "description": "同意接受某种提议或条件的行为"
    },
    {
        "name": "问候",
        "description": "表达友好或礼貌的打招呼行为"
    },
    {
        "name": "闲聊",
        "description": "非正式交流，用于建立关系或轻松对话的行为"
    },
    {
        "name": "道歉",
        "description": "对错误或不便表示歉意的行为"
    },
    {
        "name": "感谢",
        "description": "对帮助、礼物或服务表示感激的行为"
    },
    {
        "name": "建议",
        "description": "提出解决方案或推荐选项的行为"
    },
    {
        "name": "拒绝",
        "description": "明确表示不接受提议或条件的行为"
    },
    {
        "name": "提醒",
        "description": "提醒对方注意某事或遵守约定的行为"
    }
]
```
```json及```

这个修改后的对话行为体系包含了更多的意图类型，以确保在各种对话场景中都能准确地标记每一条对话（utterance）。新增的意图包括：

- **道歉**：用于表达对错误或不便的歉意。
- **感谢**：用于对帮助、礼物或服务表示感激。
- **建议**：用于提出解决方案或推荐选项。
- **拒绝**：明确表示不接受提议或条件。
- **提醒**：提醒对方注意某事或遵守约定。

这些新增的意图能够覆盖更多的情境和需求，使得对话行为体系更加全面和实用。
*************************9*************************
```json
[
    {
        "name": "咨询",
        "description": "询问信息或寻求建议"
    },
    {
        "name": "反馈",
        "description": "提供对产品、服务或经历的评价或意见"
    },
    {
        "name": "阐述",
        "description": "详细说明某个观点、情况或问题"
    },
    {
        "name": "确认",
        "description": "确认信息或请求的细节"
    },
    {
        "name": "解释",
        "description": "提供对某个概念、过程或现象的解释"
    },
    {
        "name": "请求",
        "description": "要求获取特定的信息、服务或资源"
    },
    {
        "name": "接受",
        "description": "同意或接受提议、邀请或条件"
    },
    {
        "name": "问候",
        "description": "表达友好或礼貌的打招呼方式"
    },
    {
        "name": "闲聊",
        "description": "进行非正式、轻松的对话，通常不涉及特定主题"
    },
    {
        "name": "道歉",
        "description": "对造成的不便或错误表示歉意"
    },
    {
        "name": "感谢",
        "description": "对帮助、礼物或好意表示感激"
    },
    {
        "name": "建议",
        "description": "提出解决问题或改进情况的方案"
    }
]
```

## 修改建议

原始体系中缺少了一些常见的对话行为，例如：

1. **道歉**：在对话中，人们经常会因为各种原因向对方道歉，如因误解、失误或打扰等。
2. **感谢**：当一个人得到了帮助、礼物或好意时，通常会通过感谢来表达自己的感激之情。
3. **建议**：在讨论问题解决方案或改进措施时，提出建议是一个常见的对话行为。

因此，为了使对话行为体系更加完善，我建议增加上述三个行为，并保持体系的逻辑性和完整性。修改后的体系覆盖了更多场景下的对话需求，使得每个对话都能被准确地归类和理解。
*************************10*************************
```json
[
    {
        "name": "咨询",
        "description": "询问信息或寻求帮助的行为"
    },
    {
        "name": "反馈",
        "description": "提供关于产品、服务或经历的意见或建议的行为"
    },
    {
        "name": "阐述",
        "description": "详细说明或解释某个观点、情况或问题的行为"
    },
    {
        "name": "确认",
        "description": "确认信息或请求的准确性的行为"
    },
    {
        "name": "解释",
        "description": "对某个概念、过程或现象进行详细解释的行为"
    },
    {
        "name": "请求",
        "description": "要求提供某种信息、服务或资源的行为"
    },
    {
        "name": "接受",
        "description": "同意或接受提议、邀请或条件的行为"
    },
    {
        "name": "问候",
        "description": "以礼貌的方式向对方打招呼的行为"
    },
    {
        "name": "闲聊",
        "description": "进行非正式、轻松的对话，通常不涉及特定主题或目的"
    },
    {
        "name": "道歉",
        "description": "对造成的不便或错误表示歉意的行为"
    },
    {
        "name": "感谢",
        "description": "对他人提供的帮助或服务表示感激的行为"
    },
    {
        "name": "建议",
        "description": "提出解决问题或改进方案的建议的行为"
    }
]
```

## 修改建议
原始体系中缺少了一些常见的对话行为，例如道歉、感谢和建议。这些行为在日常对话中非常常见，因此应该包含在内以确保体系的完善性。

修改后的体系包括了以下新增的对话行为：
- **道歉**：对造成的不便或错误表示歉意的行为。
- **感谢**：对他人提供的帮助或服务表示感激的行为。
- **建议**：提出解决问题或改进方案的建议的行为。

通过增加这三种行为，对话行为体系覆盖了更多场景和需求，使得其更加全面和实用。
*************************11*************************
```json
[
    {
        "name": "咨询",
        "description": "询问信息或寻求帮助的行为"
    },
    {
        "name": "反馈",
        "description": "提供意见、建议或评价的行为"
    },
    {
        "name": "阐述",
        "description": "详细说明或解释某个观点或情况的行为"
    },
    {
        "name": "确认",
        "description": "验证信息正确性或确认理解的行为"
    },
    {
        "name": "解释",
        "description": "对某个概念、过程或现象进行详细说明的行为"
    },
    {
        "name": "请求",
        "description": "要求提供某种信息、服务或资源的行为"
    },
    {
        "name": "接受",
        "description": "同意或接受提议、邀请或条件的行为"
    },
    {
        "name": "问候",
        "description": "表达友好或礼貌的打招呼行为"
    },
    {
        "name": "闲聊",
        "description": "非正式交流，用于建立关系或轻松对话的行为"
    },
    {
        "name": "道歉",
        "description": "对错误或不便表示歉意的行为"
    },
    {
        "name": "感谢",
        "description": "对帮助、礼物或服务表示感激的行为"
    },
    {
        "name": "拒绝",
        "description": "明确表示不接受提议、邀请或条件的行为"
    },
    {
        "name": "建议",
        "description": "提出解决方案或改进措施的行为"
    }
]
```

## 修改建议

原始体系中缺少了一些常见的对话行为类型，如道歉、感谢、拒绝和建议等。这些行为在实际对话中非常常见，对于构建全面的对话行为框架是必要的。

- **道歉**：用于表达对错误或不当行为的歉意。
- **感谢**：用于表达对他人帮助、礼物或服务的感激之情。
- **拒绝**：明确表示不接受提议、邀请或条件。
- **建议**：提出解决方案或改进措施，通常是在讨论问题时使用。

通过增加这四个行为类型，可以使得对话行为体系更加完善，能够覆盖更多实际对话场景中的需求。
*************************12*************************
```json
[
    {
        "name": "咨询",
        "description": "询问信息或寻求帮助的行为"
    },
    {
        "name": "反馈",
        "description": "提供意见、建议或评价的行为"
    },
    {
        "name": "阐述",
        "description": "详细说明或解释某个观点或情况的行为"
    },
    {
        "name": "确认",
        "description": "确认信息或请求的确认行为"
    },
    {
        "name": "解释",
        "description": "对某个概念、过程或现象进行解释的行为"
    },
    {
        "name": "请求",
        "description": "要求提供某种信息、服务或资源的行为"
    },
    {
        "name": "接受",
        "description": "同意或接受提议、邀请或条件的行为"
    },
    {
        "name": "问候",
        "description": "表达友好或礼貌的打招呼行为"
    },
    {
        "name": "闲聊",
        "description": "非正式的对话，用于建立联系或轻松交流"
    },
    {
        "name": "道歉",
        "description": "对错误或不便表示歉意的行为"
    },
    {
        "name": "感谢",
        "description": "对帮助、礼物或服务表示感激的行为"
    },
    {
        "name": "拒绝",
        "description": "明确表示不接受提议、邀请或条件的行为"
    },
    {
        "name": "建议",
        "description": "提出解决方案或建议的行为"
    }
]
```

## 修改建议
原始的对话行为体系中缺少了一些基本的社交互动行为，如道歉、感谢和拒绝。这些行为在日常对话中非常常见，对于构建更自然、更人性化的对话体验至关重要。因此，建议增加这三种行为。

修改后的体系覆盖了更多类型的对话行为，包括但不限于信息交换、情感表达、请求与接受、以及社交互动等，使得该体系更加完善且适用于多种对话场景。
*************************13*************************
```json
[
    {
        "name": "咨询",
        "description": "询问信息或寻求帮助的行为"
    },
    {
        "name": "反馈",
        "description": "提供意见、建议或评价的行为"
    },
    {
        "name": "阐述",
        "description": "详细说明或解释某个观点或情况的行为"
    },
    {
        "name": "确认",
        "description": "验证信息准确性的行为"
    },
    {
        "name": "解释",
        "description": "对某个概念、过程或现象进行深入解释的行为"
    },
    {
        "name": "请求",
        "description": "提出需要或要求的行为"
    },
    {
        "name": "接受",
        "description": "同意或接收提议、邀请或提供的内容的行为"
    },
    {
        "name": "问候",
        "description": "表达友好或礼貌的打招呼行为"
    },
    {
        "name": "闲聊",
        "description": "非正式交流，用于建立关系或轻松对话的行为"
    },
    {
        "name": "道歉",
        "description": "对错误或不便表示歉意的行为"
    },
    {
        "name": "感谢",
        "description": "对帮助、礼物或服务表示感激的行为"
    },
    {
        "name": "拒绝",
        "description": "明确表示不接受提议或拒绝请求的行为"
    },
    {
        "name": "建议",
        "description": "提供解决方案或推荐选项的行为"
    }
]
```

## 修改建议
原始体系中缺少了一些常见的对话行为，例如道歉、感谢、拒绝和建议等。这些行为在日常对话中非常常见，对于构建更全面、更贴近真实对话场景的对话行为体系是必要的。

修改后的体系包含了更多的对话行为类型，使得体系更加完善，能够覆盖更多类型的对话场景。
*************************14*************************
```json
[
    {
        "name": "咨询",
        "description": "询问信息或寻求建议"
    },
    {
        "name": "反馈",
        "description": "提供对产品、服务或情况的评价或意见"
    },
    {
        "name": "阐述",
        "description": "详细说明或解释某个观点或情况"
    },
    {
        "name": "确认",
        "description": "确认信息或请求的细节"
    },
    {
        "name": "解释",
        "description": "对某个概念、过程或现象进行解释"
    },
    {
        "name": "请求",
        "description": "要求提供某种信息、服务或资源"
    },
    {
        "name": "接受",
        "description": "同意或接受提议、邀请或条件"
    },
    {
        "name": "问候",
        "description": "表达友好或礼貌的打招呼方式"
    },
    {
        "name": "闲聊",
        "description": "进行非正式、轻松的对话，通常涉及日常话题"
    },
    {
        "name": "道歉",
        "description": "对造成的不便或错误表示歉意"
    },
    {
        "name": "感谢",
        "description": "对帮助、礼物或其他善意行为表示感激"
    },
    {
        "name": "建议",
        "description": "提出解决问题或改进情况的建议"
    },
    {
        "name": "拒绝",
        "description": "明确表示不愿意接受提议、邀请或条件"
    },
    {
        "name": "提醒",
        "description": "提醒对方注意某事或遵守约定"
    }
]
```

## 修改建议
原始体系中缺少了一些常见的对话行为，例如道歉、感谢、建议和拒绝等。这些行为在实际对话中非常常见，因此应该添加到体系中以提高其全面性。此外，"闲聊"行为虽然被包含，但可能需要更具体的描述来确保它能够覆盖所有相关的对话场景。

修改后的体系包含了更多的对话行为类型，以更好地适应各种对话场景。这有助于更准确地标记不同情境下的对话意图，从而提高对话系统的理解和响应能力。
*************************15*************************
```json
[
    {
        "name": "咨询",
        "description": "询问信息或寻求帮助的行为"
    },
    {
        "name": "反馈",
        "description": "提供意见、建议或评价的行为"
    },
    {
        "name": "阐述",
        "description": "详细说明或解释某个观点或情况的行为"
    },
    {
        "name": "确认",
        "description": "验证信息准确性的行为"
    },
    {
        "name": "解释",
        "description": "对某个概念、过程或现象进行详细说明的行为"
    },
    {
        "name": "请求",
        "description": "要求提供某种资源、服务或信息的行为"
    },
    {
        "name": "接受",
        "description": "同意或接收某项提议、请求或邀请的行为"
    },
    {
        "name": "问候",
        "description": "表达友好或礼貌的打招呼行为"
    },
    {
        "name": "闲聊",
        "description": "非正式、轻松的对话，用于建立关系或转移话题的行为"
    },
    {
        "name": "道歉",
        "description": "对错误或不便表示歉意的行为"
    },
    {
        "name": "感谢",
        "description": "对帮助、礼物或好意表示感激的行为"
    },
    {
        "name": "建议",
        "description": "提出解决方案或推荐选项的行为"
    },
    {
        "name": "拒绝",
        "description": "明确表示不接受某项提议或请求的行为"
    }
]
```
```json及```

这个修改后的对话行为体系包括了更多的意图类型，如“道歉”、“感谢”、“建议”和“拒绝”，以确保在各种对话场景中能够更全面地覆盖用户可能执行的各种行为。例如，在客户服务对话中，除了基本的询问、反馈和确认外，还可能需要处理用户的道歉、感谢以及提出具体建议的情况。这样可以使得对话系统更加灵活和适应性强，能够更好地满足不同情境下的需求。
*************************16*************************
```json
[
    {
        "name": "咨询",
        "description": "询问信息或寻求建议"
    },
    {
        "name": "反馈",
        "description": "提供对产品、服务或情况的评价或意见"
    },
    {
        "name": "阐述",
        "description": "详细说明或解释某个观点、事实或情况"
    },
    {
        "name": "确认",
        "description": "确认信息或请求的细节"
    },
    {
        "name": "解释",
        "description": "对某个概念、过程或现象进行解释"
    },
    {
        "name": "请求",
        "description": "要求提供信息、服务或采取行动"
    },
    {
        "name": "接受",
        "description": "同意某项提议或请求"
    },
    {
        "name": "问候",
        "description": "以礼貌的方式打招呼或表达友好"
    },
    {
        "name": "闲聊",
        "description": "进行非正式、轻松的对话，通常涉及日常话题"
    },
    {
        "name": "道歉",
        "description": "为错误、延误或其他不愉快的情况表示歉意"
    },
    {
        "name": "感谢",
        "description": "对帮助、服务或礼物表示感激"
    },
    {
        "name": "建议",
        "description": "提出解决问题或改进情况的建议"
    }
]
```

## 修改建议

原始体系中缺少了一些基本的对话行为，如道歉、感谢和建议。这些行为在实际对话中非常常见，对于构建全面的对话行为体系是必要的。

- **道歉**：用于表达对错误、延误或其他不愉快情况的歉意。
- **感谢**：用于对帮助、服务或礼物表示感激。
- **建议**：用于提出解决问题或改进情况的建议。

通过增加这三种对话行为，可以使得对话行为体系更加完善，能够覆盖更多场景下的对话需求。
*************************17*************************
```json
[
    {
        "name": "咨询",
        "description": "询问信息或寻求帮助的行为"
    },
    {
        "name": "反馈",
        "description": "提供意见、建议或评价的行为"
    },
    {
        "name": "阐述",
        "description": "详细说明或解释某个观点或情况的行为"
    },
    {
        "name": "确认",
        "description": "验证信息准确性的行为"
    },
    {
        "name": "解释",
        "description": "对某个概念、过程或现象进行解释的行为"
    },
    {
        "name": "请求",
        "description": "要求提供某种资源、服务或信息的行为"
    },
    {
        "name": "接受",
        "description": "同意或接收某项提议或请求的行为"
    },
    {
        "name": "问候",
        "description": "表达友好或礼貌的打招呼行为"
    },
    {
        "name": "闲聊",
        "description": "非正式交流，用于建立关系或轻松对话的行为"
    },
    {
        "name": "道歉",
        "description": "对错误或不便表示歉意的行为"
    },
    {
        "name": "感谢",
        "description": "对帮助或服务表示感激的行为"
    },
    {
        "name": "建议",
        "description": "提出解决方案或推荐选项的行为"
    },
    {
        "name": "拒绝",
        "description": "明确表示不接受某项提议或请求的行为"
    }
]
```

## 修改建议

原始体系中缺少了一些基本的对话行为，例如道歉、感谢、建议和拒绝等。这些行为在日常对话中非常常见，对于完整描述对话场景中的所有可能交互至关重要。

- **道歉**：当一方意识到自己的行为或言论给对方造成了不便或伤害时，会使用这一行为来表达歉意。
- **感谢**：当一方收到了帮助、服务或礼物时，会使用这一行为来表达感激之情。
- **建议**：当一方希望为另一方提供解决问题或达成目标的方案时，会使用这一行为。
- **拒绝**：当一方不接受某项提议或请求时，会使用这一行为来明确表达立场。

通过增加这四个行为，对话行为体系变得更加完善，能够更好地覆盖各种对话场景中的互动
*************************18*************************
```json
[
    {
        "name": "咨询",
        "description": "询问信息或寻求建议，通常用于获取特定问题的答案或解决方法。",
        "related_utterances": ["你能否告诉我如何操作这个功能？", "我需要帮助解决这个问题。"]
    },
    {
        "name": "反馈",
        "description": "表达对产品、服务或体验的意见或感受，可以是正面的也可以是负面的。",
        "related_utterances": ["这个功能很好用，谢谢！", "我对这个服务有些不满意。"]
    },
    {
        "name": "阐述",
        "description": "详细说明某个观点、情况或过程，提供更多的背景信息或解释。",
        "related_utterances": ["我想详细解释一下这个问题的原因。", "这个功能的工作原理是这样的。"]
    },
    {
        "name": "确认",
        "description": "要求对方确认信息或理解，确保双方对讨论的内容有共同的理解。",
        "related_utterances": ["你能确认一下你刚刚说的吗？", "我理解你的意思了。"]
    },
    {
        "name": "解释",
        "description": "对某个概念、过程或现象进行深入的解释，帮助对方更好地理解。",
        "related_utterances": ["让我解释一下这个概念。", "这个现象背后的原因是这样的。"]
    },
    {
        "name": "请求",
        "description": "向对方提出具体的需求或请求，希望得到某种形式的帮助或回应。",
        "related_utterances": ["请帮我完成这个任务。", "我需要你提供一些数据。"]
    },
    {
        "name": "接受",
        "description": "表示同意或接受某项提议、请求或决定，通常伴随着承诺或行动。",
        "related_utterances": ["我接受你的提议。", "我同意你的决定。"]
    },
    {
        "name": "问候",
        "description": "以礼貌的方式开始对话，表达对对方的尊重和友好。",
        "related_utterances": ["你好，很高兴见到你。", "早上好，希望你今天过得愉快。"]
    },
    {
        "name": "闲聊",
        "description": "进行非正式的交流，分享日常话题、兴趣或情感，增加对话的亲密度。",
        "related_utter
*************************19*************************
```json
[
  {
    "name": "咨询",
    "description": "询问信息或寻求建议"
  },
  {
    "name": "反馈",
    "description": "提供关于产品、服务或体验的意见或评论"
  },
  {
    "name": "阐述",
    "description": "详细说明某个观点、情况或问题"
  },
  {
    "name": "确认",
    "description": "确认信息的准确性或请求确认某事"
  },
  {
    "name": "解释",
    "description": "对某个概念、过程或现象进行解释"
  },
  {
    "name": "请求",
    "description": "要求提供某种信息、服务或资源"
  },
  {
    "name": "接受",
    "description": "同意或接受提议、邀请或条件"
  },
  {
    "name": "问候",
    "description": "表达友好或礼貌的打招呼方式"
  },
  {
    "name": "闲聊",
    "description": "进行非正式、轻松的对话，通常不涉及特定主题"
  },
  {
    "name": "道歉",
    "description": "为错误、延误或其他不愉快的情况表示歉意"
  },
  {
    "name": "感谢",
    "description": "对帮助、礼物或好意表示感激"
  },
  {
    "name": "建议",
    "description": "提出解决问题或改进情况的建议"
  },
  {
    "name": "投诉",
    "description": "对产品、服务或体验的负面反馈"
  }
]
```

## 修改建议

原始体系中缺少了一些常见的对话行为类型，例如：

- **道歉**：在对话中，一方可能需要向另一方表达歉意。
- **感谢**：当一方受到帮助或恩惠时，通常会表达感谢。
- **建议**：在讨论解决方案或改进措施时，一方可能会给出建议。
- **投诉**：对于不满意的经历或产品/服务的问题，用户可能会提出投诉。

通过增加这些行为类型，对话行为体系可以更全面地覆盖各种对话场景，提高其适用性和有效性。
*************************20*************************
```json
[
    {
        "name": "咨询",
        "description": "询问信息或寻求帮助的行为"
    },
    {
        "name": "反馈",
        "description": "提供意见、建议或评价的行为"
    },
    {
        "name": "阐述",
        "description": "详细说明或解释某个观点或情况的行为"
    },
    {
        "name": "确认",
        "description": "验证信息准确性的行为"
    },
    {
        "name": "解释",
        "description": "对某个概念、过程或现象进行解释的行为"
    },
    {
        "name": "请求",
        "description": "要求提供某种资源、服务或信息的行为"
    },
    {
        "name": "接受",
        "description": "同意或接收某项提议或请求的行为"
    },
    {
        "name": "问候",
        "description": "表达友好或礼貌的打招呼行为"
    },
    {
        "name": "闲聊",
        "description": "非正式对话，用于建立联系或轻松交流的行为"
    },
    {
        "name": "道歉",
        "description": "对错误或不便表示歉意的行为"
    },
    {
        "name": "感谢",
        "description": "对帮助或服务表示感激的行为"
    },
    {
        "name": "建议",
        "description": "提出解决方案或推荐选项的行为"
    },
    {
        "name": "提醒",
        "description": "提醒对方注意某些事项或时间的行为"
    }
]
```

## 修改建议

原始体系中缺少了一些常见且重要的对话行为，例如：

1. **道歉**：在对话中，当一方意识到自己犯了错误或给对方带来了不便时，通常会使用此行为来表达歉意。
2. **感谢**：当一方得到了帮助或服务，通常会通过此行为来表达感激之情。
3. **建议**：在讨论问题或决策时，一方可能会提出自己的解决方案或推荐选项。
4. **提醒**：在安排会议、提醒重要日期或注意事项时，此行为非常有用。

这些新增的对话行为能够更全面地覆盖各种对话场景，使得对话行为体系更加完善。
*************************21*************************
```json
[
    {
        "name": "咨询",
        "description": "询问信息或寻求帮助的行为"
    },
    {
        "name": "反馈",
        "description": "提供关于产品、服务或体验的意见或建议的行为"
    },
    {
        "name": "阐述",
        "description": "详细说明某个观点、情况或问题的行为"
    },
    {
        "name": "确认",
        "description": "要求对方确认信息或同意某事的行为"
    },
    {
        "name": "解释",
        "description": "对某个概念、过程或决策进行详细说明的行为"
    },
    {
        "name": "请求",
        "description": "向对方提出需要或要求的行为"
    },
    {
        "name": "接受",
        "description": "表示同意或接受提议、邀请或条件的行为"
    },
    {
        "name": "问候",
        "description": "以礼貌的方式向对方打招呼的行为"
    },
    {
        "name": "闲聊",
        "description": "进行非正式、轻松的对话，通常涉及日常话题"
    },
    {
        "name": "道歉",
        "description": "对过去的不当行为表示歉意的行为"
    },
    {
        "name": "感谢",
        "description": "对他人提供的帮助或服务表示感激的行为"
    },
    {
        "name": "建议",
        "description": "提供解决问题或改进方案的行为"
    }
]
```

## 修改建议

原始体系中缺少了一些关键的对话行为，例如：

1. **道歉**：在对话中，一方可能需要对另一方表达歉意。
2. **感谢**：当一方受到另一方的帮助或服务时，表达感谢是必要的社交行为。
3. **建议**：在讨论问题解决方案时，提出建议是一个常见的对话行为。

通过增加这些行为，对话行为体系变得更加完善，能够覆盖更多实际对话场景中的需求。
*************************22*************************
```json
[
    {
        "name": "咨询",
        "description": "询问信息或寻求帮助的行为"
    },
    {
        "name": "反馈",
        "description": "提供对产品、服务或体验的评价或意见的行为"
    },
    {
        "name": "阐述",
        "description": "详细说明或解释某个观点、情况或问题的行为"
    },
    {
        "name": "确认",
        "description": "确认信息或请求的准确性的行为"
    },
    {
        "name": "解释",
        "description": "对某个概念、过程或现象进行详细说明的行为"
    },
    {
        "name": "请求",
        "description": "向对方提出需求或要求的行为"
    },
    {
        "name": "接受",
        "description": "同意或接收提议、邀请或请求的行为"
    },
    {
        "name": "问候",
        "description": "以礼貌的方式向对方打招呼的行为"
    },
    {
        "name": "闲聊",
        "description": "进行非正式、轻松的对话，通常涉及日常话题的行为"
    },
    {
        "name": "建议",
        "description": "提出解决方案、推荐或指导的行为"
    },
    {
        "name": "道歉",
        "description": "对错误或不便表示歉意的行为"
    },
    {
        "name": "感谢",
        "description": "对帮助、礼物或好意表示感激的行为"
    }
]
```

## 修改建议

原始体系中缺少了一些常见的对话行为，例如“建议”、“道歉”和“感谢”。这些行为在实际对话中非常常见，因此应该被包含在内。以下是修改后的完整对话行为体系：

1. **咨询**：询问信息或寻求帮助的行为。
2. **反馈**：提供对产品、服务或体验的评价或意见的行为。
3. **阐述**：详细说明或解释某个观点、情况或问题的行为。
4. **确认**：确认信息或请求的准确性的行为。
5. **解释**：对某个概念、过程或现象进行详细说明的行为。
6. **请求**：向对方提出需求或要求的行为。
7. **接受**：同意或接收提议、邀请或请求的行为。
8. **问候**：以礼貌的方式向对方打招呼的行为。
9. **闲
*************************23*************************
```json
[
    {
        "name": "咨询",
        "description": "询问信息或寻求帮助的行为"
    },
    {
        "name": "反馈",
        "description": "提供关于产品、服务或体验的意见或建议的行为"
    },
    {
        "name": "阐述",
        "description": "详细说明某个观点、情况或问题的行为"
    },
    {
        "name": "确认",
        "description": "要求对方确认信息或同意某事的行为"
    },
    {
        "name": "解释",
        "description": "对某个概念、过程或决策进行说明的行为"
    },
    {
        "name": "请求",
        "description": "要求对方提供某种帮助或资源的行为"
    },
    {
        "name": "接受",
        "description": "表示同意或接受提议、邀请或条件的行为"
    },
    {
        "name": "问候",
        "description": "向对方表达友好或尊重的打招呼行为"
    },
    {
        "name": "闲聊",
        "description": "进行非正式、轻松的对话，通常不涉及特定主题或目的"
    },
    {
        "name": "道歉",
        "description": "对错误或不便表示歉意的行为"
    },
    {
        "name": "感谢",
        "description": "对帮助、礼物或好意表示感激的行为"
    },
    {
        "name": "建议",
        "description": "提出解决方案或改进意见的行为"
    }
]
```

## 修改建议
原始体系中缺少了一些基本的对话行为类型，如道歉、感谢和建议。这些行为在日常对话中非常常见，且对于构建更丰富、更自然的对话系统至关重要。

- **道歉**：用于表达对他人错误或不便的歉意，是维护良好人际关系的重要组成部分。
- **感谢**：用于表达对他人帮助、礼物或好意的感激之情，有助于建立积极的互动氛围。
- **建议**：用于提出解决方案或改进意见，特别是在咨询或讨论场景中，这可以促进问题的解决或提升用户体验。

通过增加这三种行为类型，对话行为体系变得更加完善，能够更好地覆盖各种对话场景和需求。
*************************24*************************
```json
[
    {
        "name": "咨询",
        "description": "询问信息或寻求帮助的行为"
    },
    {
        "name": "反馈",
        "description": "提供意见、建议或评价的行为"
    },
    {
        "name": "阐述",
        "description": "详细说明或解释某个观点或情况的行为"
    },
    {
        "name": "确认",
        "description": "验证信息准确性的行为"
    },
    {
        "name": "解释",
        "description": "对某个概念、过程或现象进行详细说明的行为"
    },
    {
        "name": "请求",
        "description": "要求提供某种资源、服务或信息的行为"
    },
    {
        "name": "接受",
        "description": "同意或接收某项提议、请求或邀请的行为"
    },
    {
        "name": "问候",
        "description": "表达友好和礼貌的打招呼行为"
    },
    {
        "name": "闲聊",
        "description": "非正式对话，用于建立联系或轻松交流的行为"
    },
    {
        "name": "道歉",
        "description": "对错误或不便表示歉意的行为"
    },
    {
        "name": "感谢",
        "description": "对帮助、礼物或好意表示感激的行为"
    },
    {
        "name": "建议",
        "description": "提出解决方案或推荐选项的行为"
    },
    {
        "name": "投诉",
        "description": "对产品、服务或体验的不满进行表达的行为"
    }
]
```
<|eot_id|>
*************************25*************************
```json
[
    {
        "name": "咨询",
        "description": "询问信息或寻求帮助的行为"
    },
    {
        "name": "反馈",
        "description": "提供意见、建议或评价的行为"
    },
    {
        "name": "阐述",
        "description": "详细说明或解释某个观点或情况的行为"
    },
    {
        "name": "确认",
        "description": "验证信息准确性的行为"
    },
    {
        "name": "解释",
        "description": "对某个概念、过程或现象进行详细说明的行为"
    },
    {
        "name": "请求",
        "description": "要求提供某种资源、服务或信息的行为"
    },
    {
        "name": "接受",
        "description": "同意或接收某项提议、邀请或提供的内容的行为"
    },
    {
        "name": "问候",
        "description": "表达友好或礼貌的打招呼行为"
    },
    {
        "name": "闲聊",
        "description": "非正式交流，用于建立联系或轻松对话的行为"
    },
    {
        "name": "道歉",
        "description": "对错误或不便表示歉意的行为"
    },
    {
        "name": "感谢",
        "description": "对帮助、礼物或服务表示感激的行为"
    },
    {
        "name": "建议",
        "description": "提出解决方案或改进措施的行为"
    }
]
```

## 修改建议
原始体系中缺少了一些基本的对话行为，例如道歉、感谢和建议。这些行为在日常对话中非常常见，对于构建一个全面的对话行为体系是必要的。因此，我添加了这三个行为，并为它们提供了相应的描述。

请注意，这只是一个示例修改建议，实际的对话行为体系可能需要根据特定的应用场景进行调整。例如，在客户服务环境中，可能还需要包括“投诉”、“解决问题”等行为。
*************************26*************************
```json
[
    {
        "name": "咨询",
        "description": "询问信息或寻求帮助的行为"
    },
    {
        "name": "反馈",
        "description": "提供意见、建议或评价的行为"
    },
    {
        "name": "阐述",
        "description": "详细说明或解释某个观点或情况的行为"
    },
    {
        "name": "确认",
        "description": "验证信息准确性的行为"
    },
    {
        "name": "解释",
        "description": "对某个概念、过程或现象进行解释的行为"
    },
    {
        "name": "请求",
        "description": "要求提供某种资源、服务或信息的行为"
    },
    {
        "name": "接受",
        "description": "同意或接收某项提议、请求或邀请的行为"
    },
    {
        "name": "问候",
        "description": "表达友好或礼貌的打招呼行为"
    },
    {
        "name": "闲聊",
        "description": "非正式交流，用于建立联系或轻松对话的行为"
    },
    {
        "name": "道歉",
        "description": "对错误或不便表示歉意的行为"
    },
    {
        "name": "感谢",
        "description": "对帮助、礼物或服务表示感激的行为"
    },
    {
        "name": "建议",
        "description": "提出解决方案或推荐选项的行为"
    }
]
```

## 修改建议
原始体系中缺少了一些常见的对话行为，例如道歉、感谢和建议。这些行为在日常对话中非常常见，对于构建更全面、细致的对话行为体系是必要的。

- **增加**：
  - "道歉"：用于对错误或不便表示歉意。
  - "感谢"：用于对帮助、礼物或服务表示感激。
  - "建议"：用于提出解决方案或推荐选项。

- **删除**：原始体系中的部分行为名称可能过于宽泛或与特定场景关联性不强，如“解释”、“确认”。这些行为可以被更具体的子类别所覆盖，例如，“解释”可以细化为“技术解释”、“概念解释”等，而“确认”通常可以通过询问具体问题来实现，不一定需要作为一个单独的行为类别。

- **替换**：考虑将“闲聊”替换为更具体的分类，如“社交闲
*************************27*************************
```json
[
    {
        "name": "咨询",
        "description": "询问信息或寻求帮助的行为"
    },
    {
        "name": "反馈",
        "description": "提供意见、建议或评价的行为"
    },
    {
        "name": "阐述",
        "description": "详细说明或解释某事的行为"
    },
    {
        "name": "确认",
        "description": "确认信息或请求的确认行为"
    },
    {
        "name": "解释",
        "description": "对某个概念、过程或现象进行解释的行为"
    },
    {
        "name": "请求",
        "description": "要求提供某种信息、服务或资源的行为"
    },
    {
        "name": "接受",
        "description": "同意或接收某项提议或请求的行为"
    },
    {
        "name": "问候",
        "description": "表达友好或礼貌的打招呼行为"
    },
    {
        "name": "闲聊",
        "description": "非正式交流，用于建立联系或轻松对话的行为"
    },
    {
        "name": "道歉",
        "description": "对错误或不便表示歉意的行为"
    },
    {
        "name": "感谢",
        "description": "对帮助、礼物或服务表示感激的行为"
    },
    {
        "name": "拒绝",
        "description": "明确表示不接受某项提议或请求的行为"
    },
    {
        "name": "建议",
        "description": "提出解决方案或建议的行为"
    }
]
```

## 修改建议

原始体系中缺少了一些基本的对话行为，例如道歉、感谢、拒绝和建议等。这些行为在日常对话中非常常见，且对于构建更全面、更自然的对话系统至关重要。

- **道歉**：当一方意识到自己的行为或言论可能给对方带来了不适或伤害时，会使用此行为来表达歉意。
- **感谢**：当一方收到了他人的帮助、礼物或服务时，会通过此行为来表达感激之情。
- **拒绝**：当一方不接受他人的提议或请求时，会使用此行为明确表示拒绝。
- **建议**：当一方希望为对方提供解决问题的方法或方案时，会使用此行为来提出建议。

通过增加这四个行为，对话行为体系变得更加完善，能够更好地覆盖
*************************28*************************
```json
[
  {
    "name": "咨询",
    "description": "询问信息或寻求帮助的行为"
  },
  {
    "name": "反馈",
    "description": "提供意见、建议或评价的行为"
  },
  {
    "name": "阐述",
    "description": "详细说明或解释某个观点或情况的行为"
  },
  {
    "name": "确认",
    "description": "验证信息正确性或确认理解的行为"
  },
  {
    "name": "解释",
    "description": "对某个概念、过程或现象进行解释的行为"
  },
  {
    "name": "请求",
    "description": "要求提供某种资源、服务或信息的行为"
  },
  {
    "name": "接受",
    "description": "同意或接收提议、邀请或提供的内容的行为"
  },
  {
    "name": "问候",
    "description": "表达友好或礼貌的打招呼行为"
  },
  {
    "name": "闲聊",
    "description": "非正式交流，通常涉及日常话题或兴趣爱好"
  },
  {
    "name": "道歉",
    "description": "对错误或不便表示歉意的行为"
  },
  {
    "name": "感谢",
    "description": "对帮助、礼物或好意表示感激的行为"
  },
  {
    "name": "建议",
    "description": "提出解决方案或推荐选项的行为"
  },
  {
    "name": "拒绝",
    "description": "明确表示不接受提议或不执行某事的行为"
  }
]
```

## 修改建议

原始对话行为体系中缺少了一些基本的交互行为，如道歉、感谢、建议和拒绝。这些行为在实际对话中非常常见，对于构建全面的对话系统至关重要。

- **道歉**：用于表达对错误或不当行为的歉意。
- **感谢**：用于表达对帮助、礼物或好意的感激之情。
- **建议**：用于提出解决方案或推荐选项，帮助对方做出决策。
- **拒绝**：用于明确表示不接受提议或不执行某事，避免误解。

通过增加这四个行为，对话行为体系变得更加完善，能够更好地覆盖各种对话场景中的交互需求。
*************************29*************************
```json
[
    {
        "name": "咨询",
        "description": "询问信息或寻求帮助的行为"
    },
    {
        "name": "反馈",
        "description": "提供对某个产品、服务或经历的评价或意见的行为"
    },
    {
        "name": "阐述",
        "description": "详细说明或解释某个观点、情况或问题的行为"
    },
    {
        "name": "确认",
        "description": "确认信息或请求对方确认的行为"
    },
    {
        "name": "解释",
        "description": "对某个概念、过程或现象进行详细解释的行为"
    },
    {
        "name": "请求",
        "description": "要求提供某种信息、服务或资源的行为"
    },
    {
        "name": "接受",
        "description": "同意或接受某项提议、邀请或条件的行为"
    },
    {
        "name": "问候",
        "description": "向对方表达友好或尊重的打招呼行为"
    },
    {
        "name": "闲聊",
        "description": "进行非正式、轻松的对话，通常不涉及特定主题或目的"
    },
    {
        "name": "道歉",
        "description": "对错误或不便表示歉意的行为"
    },
    {
        "name": "建议",
        "description": "提出解决方案、建议或指导的行为"
    },
    {
        "name": "投诉",
        "description": "对不满意的产品、服务或经历进行抱怨或投诉的行为"
    }
]
```

## 修改建议

原始体系中缺少了一些常见的对话行为，例如“道歉”、“建议”和“投诉”。这些行为在实际对话中非常常见，因此应该包含在内以确保体系的完善性。

- **增加**：“道歉” - 对错误或不便表示歉意的行为。
- **增加**：“建议” - 提出解决方案、建议或指导的行为。
- **增加**：“投诉” - 对不满意的产品、服务或经历进行抱怨或投诉的行为。

通过增加这三项行为，对话行为体系变得更加全面，能够覆盖更多实际对话场景中的需求。
*************************30*************************
```json
[
    {
        "name": "咨询",
        "description": "询问信息或寻求帮助的行为"
    },
    {
        "name": "反馈",
        "description": "提供意见、建议或评价的行为"
    },
    {
        "name": "阐述",
        "description": "详细说明或解释某个观点或情况的行为"
    },
    {
        "name": "确认",
        "description": "验证信息正确性或确认理解的行为"
    },
    {
        "name": "解释",
        "description": "对某个概念、过程或现象进行详细说明的行为"
    },
    {
        "name": "请求",
        "description": "提出需要或要求的行为"
    },
    {
        "name": "接受",
        "description": "同意或接收提议、邀请或请求的行为"
    },
    {
        "name": "问候",
        "description": "表达友好或礼貌的打招呼行为"
    },
    {
        "name": "闲聊",
        "description": "非正式交流，用于建立联系或轻松对话的行为"
    },
    {
        "name": "道歉",
        "description": "对错误或不便表示歉意的行为"
    },
    {
        "name": "感谢",
        "description": "对帮助、礼物或服务表示感激的行为"
    },
    {
        "name": "拒绝",
        "description": "明确表示不接受提议、邀请或请求的行为"
    }
]
```

## 修改建议

原始体系中缺少了一些基本的对话行为，例如道歉、感谢和拒绝。这些行为在日常对话中非常常见，对于构建一个全面的对话行为体系是必要的。

- **增加**：`道歉`、`感谢`、`拒绝`
- **描述**：为新增的对话行为添加适当的描述，确保它们能够准确地反映实际对话场景中的需求。

通过以上修改，对话行为体系变得更加完善，能够覆盖更多种类的对话场景和用户行为。
*************************31*************************
```json
[
    {
        "name": "咨询",
        "description": "询问信息或寻求帮助的行为"
    },
    {
        "name": "反馈",
        "description": "提供意见、建议或评价的行为"
    },
    {
        "name": "阐述",
        "description": "详细说明或解释某个观点或情况的行为"
    },
    {
        "name": "确认",
        "description": "确认信息或请求的明确性，以确保理解无误的行为"
    },
    {
        "name": "解释",
        "description": "对某个概念、过程或现象进行详细说明的行为"
    },
    {
        "name": "请求",
        "description": "要求提供特定信息、服务或资源的行为"
    },
    {
        "name": "接受",
        "description": "同意或接收提议、邀请或提供的内容的行为"
    },
    {
        "name": "问候",
        "description": "表达友好或礼貌的打招呼行为"
    },
    {
        "name": "闲聊",
        "description": "非正式交流，用于建立联系或轻松对话的行为"
    },
    {
        "name": "道歉",
        "description": "对错误或不便表示歉意的行为"
    },
    {
        "name": "感谢",
        "description": "对帮助、礼物或服务表示感激的行为"
    },
    {
        "name": "建议",
        "description": "提出解决方案或推荐选项的行为"
    }
]
```

## 修改建议

原始体系中缺少了一些常见的对话行为，例如道歉、感谢和建议。这些行为在日常对话中非常常见，对于构建一个全面的对话行为体系是必要的。

- **道歉**：当一方意识到自己的行为或言论可能给对方带来了不快或不便时，会使用此行为来表达歉意。
- **感谢**：当一方得到了帮助、收到了礼物或享受了服务时，会使用此行为来表达感激之情。
- **建议**：当一方希望为对方提供解决问题的方法或推荐某些选项时，会使用此行为。

通过增加这三种行为，可以使得对话行为体系更加完善，能够覆盖更多场景下的对话需求。
*************************32*************************
```json
[
    {
        "name": "咨询",
        "description": "询问信息或寻求帮助的行为"
    },
    {
        "name": "反馈",
        "description": "提供意见、建议或评价的行为"
    },
    {
        "name": "阐述",
        "description": "详细说明或解释某个观点或情况的行为"
    },
    {
        "name": "确认",
        "description": "确认信息或请求的确认行为"
    },
    {
        "name": "解释",
        "description": "对某个概念、过程或现象进行解释的行为"
    },
    {
        "name": "请求",
        "description": "要求提供某种信息、服务或资源的行为"
    },
    {
        "name": "接受",
        "description": "同意或接收某项提议、邀请或请求的行为"
    },
    {
        "name": "问候",
        "description": "表达友好或礼貌的打招呼行为"
    },
    {
        "name": "闲聊",
        "description": "非正式交流，用于建立联系或轻松对话的行为"
    },
    {
        "name": "道歉",
        "description": "对错误或不便表示歉意的行为"
    },
    {
        "name": "感谢",
        "description": "对帮助、礼物或好意表示感激的行为"
    },
    {
        "name": "拒绝",
        "description": "明确表示不愿意接受某项提议或请求的行为"
    },
    {
        "name": "建议",
        "description": "提出解决方案或改进措施的行为"
    }
]
```

## 修改建议

原始体系中缺少了一些基本的对话行为类型，例如道歉、感谢、拒绝和建议等。这些行为在日常对话中非常常见，对于构建一个全面的对话行为框架是必要的。

- **道歉**：用于表达对他人感到抱歉的情感，适用于当自己犯错或给他人带来不便时。
- **感谢**：用于表达对他人的帮助、礼物或好意的感激之情。
- **拒绝**：明确表示不愿意接受某项提议或请求，通常伴随着解释原因。
- **建议**：提出解决方案或改进措施，帮助对方解决问题或提升效率。

通过增加这四个行为类型，可以使得对话行为体系更加完善，能够覆盖更多实际对话场景中的需求。
*************************33*************************
```json
[
    {
        "name": "咨询",
        "description": "询问信息或寻求帮助的行为"
    },
    {
        "name": "反馈",
        "description": "提供关于产品、服务或体验的意见或建议的行为"
    },
    {
        "name": "阐述",
        "description": "详细说明或解释某个观点或情况的行为"
    },
    {
        "name": "确认",
        "description": "验证信息准确性或确认特定细节的行为"
    },
    {
        "name": "解释",
        "description": "对某个概念、过程或现象进行详细说明的行为"
    },
    {
        "name": "请求",
        "description": "要求提供某种信息、服务或资源的行为"
    },
    {
        "name": "接受",
        "description": "同意或接受提议、邀请或条件的行为"
    },
    {
        "name": "问候",
        "description": "表达友好或礼貌的打招呼行为"
    },
    {
        "name": "闲聊",
        "description": "非正式交流，用于建立联系或轻松对话的行为"
    },
    {
        "name": "道歉",
        "description": "对错误或不便表示歉意的行为"
    },
    {
        "name": "感谢",
        "description": "对帮助、礼物或服务表示感激的行为"
    },
    {
        "name": "建议",
        "description": "提出解决方案或改进意见的行为"
    }
]
```

## 修改建议

原始体系中缺少了一些关键的对话行为，例如道歉、感谢和建议等。这些行为在日常对话中非常常见，对于构建更全面、更人性化的对话系统至关重要。

- **道歉**：当系统犯错或未能满足用户需求时，向用户表达歉意。
- **感谢**：当用户给予正面反馈或提供帮助时，系统应表达感谢。
- **建议**：基于用户的需求或情况，系统可以提出解决方案或改进建议。

通过增加这些行为，对话体系能够更好地适应各种场景，提高用户体验。
*************************34*************************
```json
[
  {
    "name": "咨询",
    "description": "询问信息或寻求建议"
  },
  {
    "name": "反馈",
    "description": "提供关于产品、服务或体验的意见或评论"
  },
  {
    "name": "阐述",
    "description": "详细说明或解释某个观点或情况"
  },
  {
    "name": "确认",
    "description": "确认信息的准确性或同意某项提议"
  },
  {
    "name": "解释",
    "description": "对某个概念、过程或现象进行解释"
  },
  {
    "name": "请求",
    "description": "要求获取特定的信息、资源或行动"
  },
  {
    "name": "接受",
    "description": "同意某项提议或接受某种条件"
  },
  {
    "name": "问候",
    "description": "表达友好或礼貌的打招呼"
  },
  {
    "name": "闲聊",
    "description": "进行非正式、轻松的对话，通常不涉及特定主题"
  },
  {
    "name": "道歉",
    "description": "对造成的不便或错误表示歉意"
  },
  {
    "name": "建议",
    "description": "提出解决方案或改进意见"
  },
  {
    "name": "拒绝",
    "description": "明确表示不愿意执行某项请求或提议"
  }
]
```

## 修改建议

原始体系中缺少了一些关键的对话行为，例如：

1. **道歉**：在对话中，一方可能需要向另一方表达歉意，以缓和关系或解决问题。
2. **建议**：当一方希望为另一方提供解决方案或改进建议时，这可以是一个重要的对话行为。
3. **拒绝**：当一方不能或不愿执行某项请求或提议时，明确的拒绝行为也是必要的。

通过增加这些行为，对话行为体系变得更加全面和实用，能够更好地覆盖各种对话场景中的需求。
*************************35*************************
```json
[
    {
        "name": "咨询",
        "description": "询问信息或寻求帮助的行为"
    },
    {
        "name": "反馈",
        "description": "提供关于产品、服务或体验的意见或建议的行为"
    },
    {
        "name": "阐述",
        "description": "详细说明或解释某个观点、情况或问题的行为"
    },
    {
        "name": "确认",
        "description": "要求对方确认信息或同意某事的行为"
    },
    {
        "name": "解释",
        "description": "对某个概念、过程或决策进行详细说明的行为"
    },
    {
        "name": "请求",
        "description": "向对方提出具体需求或请求的行为"
    },
    {
        "name": "接受",
        "description": "表示同意或接受提议、邀请或条件的行为"
    },
    {
        "name": "问候",
        "description": "以礼貌的方式打招呼或表达友好行为"
    },
    {
        "name": "闲聊",
        "description": "非正式的对话，用于建立联系或轻松交流"
    },
    {
        "name": "道歉",
        "description": "对造成的不便或错误表示歉意的行为"
    },
    {
        "name": "感谢",
        "description": "对他人提供的帮助或服务表示感激的行为"
    },
    {
        "name": "拒绝",
        "description": "明确表示不接受提议、邀请或条件的行为"
    },
    {
        "name": "建议",
        "description": "提供解决问题或改进方案的行为"
    }
]
```

## 修改建议

在原始的对话行为体系中，缺少了一些常见且重要的对话行为类型。例如，对于处理错误或意外情况的场景，"道歉"和"感谢"这两个行为是必要的。此外，"拒绝"行为允许用户明确表达他们不愿意接受某些提议或条件，这对于维护用户的意愿和满意度至关重要。最后，"建议"行为允许系统或助手提供可能的解决方案或改进措施，这在很多交互场景中都是有用的。

通过增加这些行为类型，对话行为体系变得更加全面和实用，能够更好地适应各种对话场景的需求。
*************************36*************************
```json
[
    {
        "name": "咨询",
        "description": "询问信息或寻求帮助的行为"
    },
    {
        "name": "反馈",
        "description": "提供关于产品、服务或体验的评价或意见的行为"
    },
    {
        "name": "阐述",
        "description": "详细说明或解释某个观点、情况或问题的行为"
    },
    {
        "name": "确认",
        "description": "要求对方确认信息或同意某事的行为"
    },
    {
        "name": "解释",
        "description": "对某个概念、过程或决策进行详细说明的行为"
    },
    {
        "name": "请求",
        "description": "向对方提出需求或请求的行为"
    },
    {
        "name": "接受",
        "description": "表示同意或接受提议、邀请或条件的行为"
    },
    {
        "name": "问候",
        "description": "以礼貌的方式向对方打招呼或表达友好行为"
    },
    {
        "name": "闲聊",
        "description": "进行非正式、轻松的对话，通常不涉及特定主题或目的"
    },
    {
        "name": "道歉",
        "description": "为自己的错误或不便向对方表示歉意的行为"
    },
    {
        "name": "建议",
        "description": "向对方提供解决问题或改进情况的建议的行为"
    },
    {
        "name": "提醒",
        "description": "提醒对方注意某事或即将到来的事件的行为"
    }
]
```

## 修改建议

原始框架中缺少了一些关键的对话行为，例如道歉、建议和提醒等。这些行为在日常对话中非常常见，对于构建全面的对话系统至关重要。

- **增加** "道歉"：用于表达对对方的歉意，适用于因自身错误或疏忽导致的问题。
- **增加** "建议"：用于向对方提供解决问题或改进情况的建议，有助于促进合作与解决问题。
- **增加** "提醒"：用于通知对方即将发生的事件或重要事项，确保双方保持同步。

通过增加这三项行为，对话行为体系更加完善，能够更好地覆盖各种对话场景中的需求。
*************************37*************************
```json
[
    {
        "name": "咨询",
        "description": "询问信息或寻求帮助的行为"
    },
    {
        "name": "反馈",
        "description": "提供意见、建议或评价的行为"
    },
    {
        "name": "阐述",
        "description": "详细说明或解释某事的行为"
    },
    {
        "name": "确认",
        "description": "确认信息或请求的确认行为"
    },
    {
        "name": "解释",
        "description": "对某个概念、过程或现象进行解释的行为"
    },
    {
        "name": "请求",
        "description": "要求提供某种信息或服务的行为"
    },
    {
        "name": "接受",
        "description": "同意或接受提议、邀请或条件的行为"
    },
    {
        "name": "问候",
        "description": "表达友好或礼貌的打招呼行为"
    },
    {
        "name": "闲聊",
        "description": "非正式交流，用于建立联系或轻松对话的行为"
    },
    {
        "name": "道歉",
        "description": "为错误或不便向对方表示歉意的行为"
    },
    {
        "name": "感谢",
        "description": "对他人帮助或服务表示感激的行为"
    },
    {
        "name": "拒绝",
        "description": "明确表示不接受提议、邀请或条件的行为"
    },
    {
        "name": "建议",
        "description": "提出解决方案或建议的行为"
    }
]
```

## 修改建议
原始体系中缺少了一些常见的对话行为，例如道歉、感谢、拒绝和建议等。这些行为在日常对话中非常常见，且有助于更全面地描述对话场景中的交互情况。

修改后的体系包含了更多的对话行为类型，使得它能够更好地适应各种对话场景，提高其适用性和描述力。
*************************38*************************
```json
[
    {
        "name": "咨询",
        "description": "询问信息或寻求帮助的行为"
    },
    {
        "name": "反馈",
        "description": "提供意见、建议或评价的行为"
    },
    {
        "name": "阐述",
        "description": "详细说明或解释某个观点或情况的行为"
    },
    {
        "name": "确认",
        "description": "确认信息或同意进行某项行动的行为"
    },
    {
        "name": "解释",
        "description": "对某个概念、过程或现象进行详细说明的行为"
    },
    {
        "name": "请求",
        "description": "要求提供某种资源、服务或信息的行为"
    },
    {
        "name": "接受",
        "description": "同意接受提议、邀请或提供的行为"
    },
    {
        "name": "问候",
        "description": "表达友好或礼貌的打招呼行为"
    },
    {
        "name": "闲聊",
        "description": "进行非正式、轻松对话的行为"
    },
    {
        "name": "道歉",
        "description": "为错误或不便向对方表示歉意的行为"
    },
    {
        "name": "感谢",
        "description": "对他人帮助或服务表示感激的行为"
    },
    {
        "name": "建议",
        "description": "提出解决方案或推荐选项的行为"
    }
]
```

## 修改建议
原始体系中缺少了一些常见的对话行为，例如道歉、感谢、建议等。这些行为在日常对话中非常常见，因此应该被包含在内以确保体系的全面性。

修改后的体系包含了更多的对话行为类型，使得它能够更准确地描述各种对话场景中的行为。这将有助于在构建对话系统时更精确地识别和响应用户的意图。
*************************39*************************
```json
[
    {
        "name": "咨询",
        "description": "询问信息或寻求帮助的行为"
    },
    {
        "name": "反馈",
        "description": "提供关于产品、服务或体验的意见或建议的行为"
    },
    {
        "name": "阐述",
        "description": "详细说明或解释某个观点、情况或问题的行为"
    },
    {
        "name": "确认",
        "description": "确认信息或请求的准确性的行为"
    },
    {
        "name": "解释",
        "description": "对某个概念、过程或现象进行详细说明的行为"
    },
    {
        "name": "请求",
        "description": "要求提供某种信息、服务或资源的行为"
    },
    {
        "name": "接受",
        "description": "同意或接受提议、邀请或条件的行为"
    },
    {
        "name": "问候",
        "description": "表达友好或礼貌的打招呼行为"
    },
    {
        "name": "闲聊",
        "description": "非正式对话，用于建立联系或轻松交流的行为"
    },
    {
        "name": "道歉",
        "description": "对错误或不便表示歉意的行为"
    },
    {
        "name": "感谢",
        "description": "对帮助、礼物或服务表示感激的行为"
    },
    {
        "name": "建议",
        "description": "提出解决方案或改进意见的行为"
    }
]
```

## 修改建议
原始体系中缺少了一些常见的对话行为，例如道歉、感谢和建议。这些行为在日常对话中非常常见，对于构建更全面、更贴近真实对话场景的对话行为体系是必要的。

- **增加**：
  - "道歉"：用于对错误或不便表示歉意的行为。
  - "感谢"：用于对帮助、礼物或服务表示感激的行为。
  - "建议"：用于提出解决方案或改进意见的行为。

- **替换**：
  - 将"咨询"更改为"询问"，以更准确地描述其行为本质。
  - 将"反馈"更改为"评价"，以区分其可能包含的正面或负面意见。
  - 将"闲聊"更改为"社交"，以更广泛地涵盖非正式对话的目的和类型。

- **删除**：
  -
*************************40*************************
```json
[
    {
        "name": "咨询",
        "description": "询问信息或寻求帮助"
    },
    {
        "name": "反馈",
        "description": "提供对产品、服务或体验的评价或意见"
    },
    {
        "name": "阐述",
        "description": "详细说明某个观点、情况或问题"
    },
    {
        "name": "确认",
        "description": "确认信息的准确性或请求确认某事"
    },
    {
        "name": "解释",
        "description": "对某个概念、过程或决策进行解释"
    },
    {
        "name": "请求",
        "description": "要求提供某种信息、服务或资源"
    },
    {
        "name": "接受",
        "description": "同意或接受提议、邀请或条件"
    },
    {
        "name": "问候",
        "description": "表达对对话伙伴的友好或尊重，如打招呼"
    },
    {
        "name": "闲聊",
        "description": "进行非正式、轻松的对话，通常不涉及特定目的或主题"
    },
    {
        "name": "建议",
        "description": "提出解决方案、建议或改进措施"
    },
    {
        "name": "投诉",
        "description": "表达对产品、服务或体验的不满或问题"
    },
    {
        "name": "感谢",
        "description": "表达对对话伙伴的感激之情"
    }
]
```

## 修改建议

原始体系中缺少了一些关键的对话行为，例如“建议”、“投诉”和“感谢”。这些行为在实际对话中非常常见，对于理解用户意图和构建更自然、有效的对话系统至关重要。

- **建议**：用户可能需要得到一些建议来解决问题或改进情况。
- **投诉**：用户可能遇到问题并希望表达不满或报告错误。
- **感谢**：用户可能对提供的帮助或服务表示感谢。

通过增加这三种行为，对话行为体系更加完善，能够更好地覆盖各种对话场景中的用户意图。
*************************41*************************
```json
[
    {
        "name": "咨询",
        "description": "询问信息或寻求帮助的行为"
    },
    {
        "name": "反馈",
        "description": "提供意见、建议或评价的行为"
    },
    {
        "name": "阐述",
        "description": "详细说明或解释某个观点或情况的行为"
    },
    {
        "name": "确认",
        "description": "验证信息正确性或确认特定细节的行为"
    },
    {
        "name": "解释",
        "description": "对某个概念、过程或现象进行详细说明的行为"
    },
    {
        "name": "请求",
        "description": "要求提供某种信息、服务或资源的行为"
    },
    {
        "name": "接受",
        "description": "同意或接收某项提议、邀请或提供的内容的行为"
    },
    {
        "name": "问候",
        "description": "表达友好或礼貌的打招呼行为"
    },
    {
        "name": "闲聊",
        "description": "非正式交流，用于建立联系或轻松对话的行为"
    },
    {
        "name": "道歉",
        "description": "对错误或不便表示歉意的行为"
    },
    {
        "name": "感谢",
        "description": "对帮助、礼物或好意表示感激的行为"
    },
    {
        "name": "建议",
        "description": "提出解决方案或推荐选项的行为"
    }
]
```

## 修改建议

原始体系中缺少了一些基本的对话行为类型，例如道歉、感谢、建议等。这些行为在日常对话中非常常见，对于构建一个全面的对话行为框架是必要的。

- **增加** `"道歉"`：用于表达对错误或不当行为的歉意。
- **增加** `"感谢"`：用于表达对帮助、礼物或好意的感激之情。
- **增加** `"建议"`：用于提出解决方案或推荐选项，帮助对方做出决策。

通过增加这三种行为类型，对话行为体系变得更加完善，能够覆盖更多实际对话场景中的需求。
*************************42*************************
```json
[
    {
        "name": "咨询",
        "description": "询问信息或寻求帮助的行为"
    },
    {
        "name": "反馈",
        "description": "提供对产品、服务或经历的评价或意见的行为"
    },
    {
        "name": "阐述",
        "description": "详细说明或解释某个观点、情况或问题的行为"
    },
    {
        "name": "确认",
        "description": "确认信息或请求的准确性的行为"
    },
    {
        "name": "解释",
        "description": "对某个概念、过程或现象进行详细解释的行为"
    },
    {
        "name": "请求",
        "description": "要求提供某种信息、服务或资源的行为"
    },
    {
        "name": "接受",
        "description": "同意或接受某项提议、邀请或条件的行为"
    },
    {
        "name": "问候",
        "description": "以礼貌的方式向对方打招呼或表达友好意图的行为"
    },
    {
        "name": "闲聊",
        "description": "进行非正式、轻松的对话，通常不涉及特定主题或目的的行为"
    },
    {
        "name": "建议",
        "description": "提出解决方案、建议或改进建议的行为"
    },
    {
        "name": "道歉",
        "description": "对错误、不便或不愉快的情况表示歉意的行为"
    },
    {
        "name": "感谢",
        "description": "对他人提供的帮助、服务或礼物表示感激的行为"
    }
]
```

## 修改建议

原始体系中缺少了一些基本的对话行为，如“建议”、“道歉”和“感谢”。这些行为在日常对话中非常常见，且对于构建更丰富、更自然的对话体验至关重要。

- **建议**：用户可能需要得到一些建议来解决问题或做出决策。
- **道歉**：当系统犯错或未能满足用户期望时，适当的道歉可以缓解用户的不满情绪。
- **感谢**：用户完成任务或与系统交互后，系统表达感谢可以增加用户的满意度和忠诚度。

通过增加这三项行为，对话行为体系变得更加完善，能够更好地覆盖各种对话场景。
*************************43*************************
```json
[
    {
        "name": "咨询",
        "description": "询问信息或寻求帮助的行为"
    },
    {
        "name": "反馈",
        "description": "提供关于产品、服务或体验的意见或建议的行为"
    },
    {
        "name": "阐述",
        "description": "详细说明或解释某个观点、情况或问题的行为"
    },
    {
        "name": "确认",
        "description": "确认信息或同意进行某项行动的行为"
    },
    {
        "name": "解释",
        "description": "对某个概念、过程或现象进行详细说明的行为"
    },
    {
        "name": "请求",
        "description": "要求提供某种信息、资源或服务的行为"
    },
    {
        "name": "接受",
        "description": "同意接受提议、邀请或提供的行为"
    },
    {
        "name": "问候",
        "description": "向对方表达友好或尊重的打招呼行为"
    },
    {
        "name": "闲聊",
        "description": "非正式交流，用于建立联系或轻松对话的行为"
    },
    {
        "name": "道歉",
        "description": "对错误或不便表示歉意的行为"
    },
    {
        "name": "感谢",
        "description": "对他人帮助或服务表示感激的行为"
    },
    {
        "name": "建议",
        "description": "提出解决方案或推荐选项的行为"
    },
    {
        "name": "拒绝",
        "description": "明确表示不接受提议或不执行某项行动的行为"
    }
]
```

## 修改建议
原始体系中缺少了一些基本的对话行为，例如道歉、感谢、建议和拒绝等。这些行为在日常对话中非常常见，对于构建一个全面的对话行为体系是必要的。因此，我添加了这四个行为，并为它们提供了相应的描述。

修改后的体系包含了更多的对话行为，可以更准确地描述各种对话场景中的交互。
*************************44*************************
```json
[
    {
        "name": "咨询",
        "description": "询问信息或寻求帮助的行为"
    },
    {
        "name": "反馈",
        "description": "提供对产品、服务或经历的评价和建议的行为"
    },
    {
        "name": "阐述",
        "description": "详细说明或解释某个观点、情况或问题的行为"
    },
    {
        "name": "确认",
        "description": "确认信息或请求的准确性的行为"
    },
    {
        "name": "解释",
        "description": "对某个概念、过程或现象进行详细说明的行为"
    },
    {
        "name": "请求",
        "description": "要求提供特定信息、服务或资源的行为"
    },
    {
        "name": "接受",
        "description": "同意或接收提议、邀请或提供的内容的行为"
    },
    {
        "name": "问候",
        "description": "以礼貌的方式向对方打招呼的行为"
    },
    {
        "name": "闲聊",
        "description": "进行非正式、轻松的对话，通常不涉及特定主题或目的"
    },
    {
        "name": "道歉",
        "description": "对错误或不便表示歉意的行为"
    },
    {
        "name": "感谢",
        "description": "对帮助、礼物或服务表示感激的行为"
    },
    {
        "name": "建议",
        "description": "提出解决方案、改进意见或推荐的行为"
    }
]
```

## 修改建议
原始体系中缺少了一些常见的对话行为，例如道歉、感谢、建议等。这些行为在实际对话中非常常见，因此应该被包含在内以确保体系的完善性。

修改后的体系包含了以下新增的对话行为：
- **道歉**：对错误或不便表示歉意的行为。
- **感谢**：对帮助、礼物或服务表示感激的行为。
- **建议**：提出解决方案、改进意见或推荐的行为。

通过增加这三种行为，使得对话行为体系更加全面，能够覆盖更多实际对话场景中的需求。
*************************45*************************
```json
[
    {
        "name": "咨询",
        "description": "询问信息或寻求帮助的行为"
    },
    {
        "name": "反馈",
        "description": "提供意见、建议或评价的行为"
    },
    {
        "name": "阐述",
        "description": "详细说明或解释某个观点或情况的行为"
    },
    {
        "name": "确认",
        "description": "验证信息准确性的行为"
    },
    {
        "name": "解释",
        "description": "对某个概念、过程或现象进行详细说明的行为"
    },
    {
        "name": "请求",
        "description": "要求提供某种资源、服务或信息的行为"
    },
    {
        "name": "接受",
        "description": "同意或接收某项提议、请求或邀请的行为"
    },
    {
        "name": "问候",
        "description": "表达友好或礼貌的打招呼行为"
    },
    {
        "name": "闲聊",
        "description": "非正式交流，通常涉及日常话题或兴趣爱好"
    },
    {
        "name": "道歉",
        "description": "对错误或不便表示歉意的行为"
    },
    {
        "name": "感谢",
        "description": "对帮助、礼物或好意表示感激的行为"
    },
    {
        "name": "拒绝",
        "description": "明确表示不接受某项提议、请求或邀请的行为"
    },
    {
        "name": "建议",
        "description": "提出解决方案或改进措施的行为"
    }
]
```
```json及```

这个对话行为体系在覆盖了基本的交互需求方面已经相对完善。它包含了从基本的社交互动（如问候、闲聊）到更具体的交互行为（如咨询、反馈），以及处理特定场景的行动（如确认、解释）。然而，为了进一步增强其全面性和实用性，可以考虑添加以下行为：

1. **道歉**：用于表达对错误或不当行为的歉意。
2. **感谢**：用于表达对帮助、礼物或好意的感激之情。
3. **拒绝**：明确表示不接受某项提议、请求或邀请的行为。
4. **建议**：提出解决方案或改进措施的行为。

这些新增的行为可以帮助更细致地描述用户在不同情境下的意图和需求，
*************************46*************************
```json
[
    {
        "name": "咨询",
        "description": "询问信息或寻求帮助的行为"
    },
    {
        "name": "反馈",
        "description": "提供关于产品、服务或体验的评价或意见的行为"
    },
    {
        "name": "阐述",
        "description": "详细说明或解释某个观点、情况或问题的行为"
    },
    {
        "name": "确认",
        "description": "确认信息或请求的准确性的行为"
    },
    {
        "name": "解释",
        "description": "对某个概念、过程或现象进行详细说明的行为"
    },
    {
        "name": "请求",
        "description": "要求提供某种信息、服务或资源的行为"
    },
    {
        "name": "接受",
        "description": "同意接受某种提议或建议的行为"
    },
    {
        "name": "问候",
        "description": "以礼貌的方式向对方打招呼的行为"
    },
    {
        "name": "闲聊",
        "description": "进行非正式、轻松的对话，通常不涉及特定主题或目的"
    },
    {
        "name": "道歉",
        "description": "对造成的不便或错误表示歉意的行为"
    },
    {
        "name": "感谢",
        "description": "对他人提供的帮助或服务表示感激的行为"
    },
    {
        "name": "建议",
        "description": "提出解决方案或改进措施的行为"
    },
    {
        "name": "投诉",
        "description": "对不满意的产品、服务或体验提出正式的抱怨或投诉"
    }
]
```

## 修改建议
原始体系中缺少了一些常见的对话行为，例如道歉、感谢、建议和投诉。这些行为在与他人的交流中非常重要，可以增强对话的互动性和情感连接。

- **增加**：
  - "道歉"：用于表达对他人可能遭受的不便或错误的歉意。
  - "感谢"：用于表达对他人帮助或服务的感激之情。
  - "建议"：用于提出解决问题或改进的方案。
  - "投诉"：用于正式表达对产品、服务或体验的不满。

- **删除**：原始体系中的某些行为（如“解释”、“闲聊”）可能需要根据具体上下文进行调整或细化，以确保
*************************47*************************
```json
[
    {
        "name": "咨询",
        "description": "询问信息或寻求帮助的行为"
    },
    {
        "name": "反馈",
        "description": "提供关于产品、服务或体验的意见或建议的行为"
    },
    {
        "name": "阐述",
        "description": "详细说明或解释某个观点或情况的行为"
    },
    {
        "name": "确认",
        "description": "确认信息或请求的准确性的行为"
    },
    {
        "name": "解释",
        "description": "对某个概念、过程或现象进行详细说明的行为"
    },
    {
        "name": "请求",
        "description": "要求提供某种信息、服务或资源的行为"
    },
    {
        "name": "接受",
        "description": "同意或接受某个提议、邀请或条件的行为"
    },
    {
        "name": "问候",
        "description": "以礼貌的方式向对方打招呼的行为"
    },
    {
        "name": "闲聊",
        "description": "进行非正式、轻松对话的行为"
    },
    {
        "name": "道歉",
        "description": "为错误或不便向对方表示歉意的行为"
    },
    {
        "name": "感谢",
        "description": "对对方的帮助、服务或礼物表示感激的行为"
    },
    {
        "name": "建议",
        "description": "提出解决方案或改进意见的行为"
    }
]
```

## 修改建议

原始体系中缺少了一些基本的对话行为，例如道歉、感谢和建议。这些行为在日常对话中非常常见，对于构建一个全面的对话行为体系是必要的。

- **道歉**：用于表达对他人造成的不便或错误的歉意。
- **感谢**：用于表达对他人帮助、服务或礼物的感激之情。
- **建议**：用于提出解决方案或改进意见，促进问题的解决或提升服务质量。

通过增加这三种行为，对话行为体系变得更加完善，能够更好地覆盖各种对话场景中的需求。
*************************48*************************
```json
[
    {
        "name": "咨询",
        "description": "询问信息或寻求帮助的行为"
    },
    {
        "name": "反馈",
        "description": "提供意见、建议或评价的行为"
    },
    {
        "name": "阐述",
        "description": "详细说明或解释某个观点或情况的行为"
    },
    {
        "name": "确认",
        "description": "验证信息准确性的行为"
    },
    {
        "name": "解释",
        "description": "对某个概念、过程或现象进行解释的行为"
    },
    {
        "name": "请求",
        "description": "要求提供某种资源、服务或信息的行为"
    },
    {
        "name": "接受",
        "description": "同意或接收某项提议、请求或邀请的行为"
    },
    {
        "name": "问候",
        "description": "表达友好或礼貌的打招呼行为"
    },
    {
        "name": "闲聊",
        "description": "非正式交流，用于建立关系或放松气氛的行为"
    },
    {
        "name": "道歉",
        "description": "对错误或不便表示歉意的行为"
    },
    {
        "name": "感谢",
        "description": "对帮助、礼物或服务表示感激的行为"
    },
    {
        "name": "建议",
        "description": "提出解决方案或推荐选项的行为"
    },
    {
        "name": "拒绝",
        "description": "明确表示不愿意接受某项提议或请求的行为"
    },
    {
        "name": "提醒",
        "description": "提醒对方注意某事或遵守约定的行为"
    }
]
```

## output explanation
原始对话行为体系中缺少了一些常见的对话行为，例如道歉、感谢、建议和拒绝等。这些行为在日常对话中非常常见，因此需要添加到体系中以确保其全面性。

- **道歉**：用于表达对错误或不当行为的歉意。
- **感谢**：用于表达对帮助、礼物或服务的感激之情。
- **建议**：用于提出解决方案或推荐选项。
- **拒绝**：明确表示不愿意接受某项提议或请求。

通过增加这四个行为，对话行为体系变得更加完善，能够覆盖更多类型的对话场景。
*************************49*************************
```json
[
  {
    "name": "咨询",
    "description": "询问信息或寻求帮助的行为"
  },
  {
    "name": "反馈",
    "description": "提供意见、建议或评价的行为"
  },
  {
    "name": "阐述",
    "description": "详细说明或解释某事的行为"
  },
  {
    "name": "确认",
    "description": "确认信息或请求的确认行为"
  },
  {
    "name": "解释",
    "description": "对某个概念、过程或现象进行解释的行为"
  },
  {
    "name": "请求",
    "description": "要求提供某种信息或服务的行为"
  },
  {
    "name": "接受",
    "description": "同意或接收提议、邀请或请求的行为"
  },
  {
    "name": "问候",
    "description": "表达友好或礼貌的打招呼行为"
  },
  {
    "name": "闲聊",
    "description": "非正式交流，用于建立联系或轻松对话的行为"
  },
  {
    "name": "道歉",
    "description": "对错误或不便表示歉意的行为"
  },
  {
    "name": "感谢",
    "description": "对帮助、礼物或好意表示感激的行为"
  },
  {
    "name": "建议",
    "description": "提出解决方案或建议的行为"
  }
]
```

## 修改建议
原始体系中缺少了一些基本的对话行为，例如道歉、感谢和建议等。这些行为在日常对话中非常常见，对于构建更全面、更贴近真实对话场景的对话行为体系是必要的。

- **增加**：
  - "道歉"：用于对错误或不便表示歉意的行为。
  - "感谢"：用于对帮助、礼物或好意表示感激的行为。
  - "建议"：用于提出解决方案或建议的行为。

- **删除**：原始体系中的某些行为可能过于具体或特定于某一场景，如“解释”、“确认”等，这些行为在更广泛的对话框架中可能被包含在其他更通用的行为中，或者它们的描述可能需要细化以适应不同的上下文。

- **替换**：原始体系中的某些名称可能不够通用或明确，例如“反馈”可能涵盖多种不同类型的意见表达，而“闲聊”则可能包括
*************************0*************************
```json
[
    {
        "name": "咨询",
        "description": "询问信息或寻求建议"
    },
    {
        "name": "反馈",
        "description": "提供对产品、服务或经历的评价或意见"
    },
    {
        "name": "阐述",
        "description": "详细说明某个观点或情况"
    },
    {
        "name": "确认",
        "description": "确认信息或请求的细节"
    },
    {
        "name": "解释",
        "description": "对某个概念、过程或决策进行解释"
    },
    {
        "name": "请求",
        "description": "要求获取特定的信息、服务或资源"
    },
    {
        "name": "接受",
        "description": "同意或接受提议、邀请或条件"
    },
    {
        "name": "问候",
        "description": "表达友好或礼貌的打招呼方式"
    },
    {
        "name": "闲聊",
        "description": "进行非正式、轻松的对话，通常不涉及特定主题"
    },
    {
        "name": "道歉",
        "description": "对造成的不便或错误表示歉意"
    },
    {
        "name": "感谢",
        "description": "对帮助、礼物或好意表示感激"
    },
    {
        "name": "建议",
        "description": "提出解决方案或改进措施"
    }
]
```

## 修改建议

原始体系中缺少了一些常见的对话行为，例如道歉、感谢和建议。这些行为在日常对话中非常常见，且对于构建更自然、更人性化的交互体验至关重要。

- **道歉**：用于表达对给对方带来的不便或错误的歉意。
- **感谢**：用于表达对对方帮助、礼物或好意的感激之情。
- **建议**：用于提出解决方案或改进措施，帮助对方解决问题或提升体验。

通过增加这三项对话行为，可以使得对话行为体系更加完善，能够更好地覆盖各种对话场景中的需求。
*************************0*************************
```json
[
    {
        "name": "咨询",
        "description": "询问信息或寻求帮助的行为"
    },
    {
        "name": "反馈",
        "description": "提供意见、建议或评价的行为"
    },
    {
        "name": "阐述",
        "description": "详细说明或解释某个观点或情况的行为"
    },
    {
        "name": "确认",
        "description": "验证信息正确性或确认理解的行为"
    },
    {
        "name": "解释",
        "description": "对某个概念、过程或现象进行详细说明的行为"
    },
    {
        "name": "请求",
        "description": "提出需求或要求的行为"
    },
    {
        "name": "接受",
        "description": "同意或接收提议、邀请或提供的内容的行为"
    },
    {
        "name": "问候",
        "description": "表达友好或礼貌的打招呼行为"
    },
    {
        "name": "闲聊",
        "description": "非正式交流，用于建立关系或轻松对话的行为"
    },
    {
        "name": "道歉",
        "description": "对错误或不便表示歉意的行为"
    },
    {
        "name": "感谢",
        "description": "对帮助、礼物或服务表示感激的行为"
    },
    {
        "name": "建议",
        "description": "提供解决方案或推荐选项的行为"
    }
]
```

## 修改建议
原始体系中缺少了一些常见的对话行为，如道歉、感谢、建议等。这些行为在日常对话中非常常见，对于构建更全面、细致的对话行为体系是必要的。

- **增加**：`道歉`、`感谢`、`建议`
- **删除**：无
- **替换**：无

通过增加这三种行为，可以使得对话行为体系更加完善，能够更好地覆盖各种对话场景中的不同需求和情境。
*************************0*************************
```json
[
    {
        "name": "咨询",
        "description": "询问信息或寻求帮助的行为"
    },
    {
        "name": "反馈",
        "description": "提供意见、建议或评价的行为"
    },
    {
        "name": "阐述",
        "description": "详细说明或解释某个观点或情况的行为"
    },
    {
        "name": "确认",
        "description": "验证信息正确性或确认理解的行为"
    },
    {
        "name": "解释",
        "description": "对某个概念、过程或现象进行详细说明的行为"
    },
    {
        "name": "请求",
        "description": "提出需求或要求的行为"
    },
    {
        "name": "接受",
        "description": "同意或接收提议、邀请或提供的内容的行为"
    },
    {
        "name": "问候",
        "description": "表达友好或礼貌的打招呼行为"
    },
    {
        "name": "闲聊",
        "description": "非正式交流，用于建立关系或轻松对话的行为"
    },
    {
        "name": "道歉",
        "description": "对错误或不便表示歉意的行为"
    },
    {
        "name": "感谢",
        "description": "对帮助、礼物或服务表示感激的行为"
    },
    {
        "name": "建议",
        "description": "提供解决方案或推荐选项的行为"
    },
    {
        "name": "邀请",
        "description": "提出邀请或提议共同参与某事的行为"
    },
    {
        "name": "拒绝",
        "description": "明确表示不愿意接受提议或邀请的行为"
    },
    {
        "name": "投诉",
        "description": "对产品、服务或体验的不满或问题进行报告的行为"
    },
    {
        "name": "请求确认",
        "description": "在特定情况下，再次确认对方是否理解或同意的行为"
    }
]
```

## 修改建议
该对话行为体系已经相对完善，涵盖了多种常见的对话场景和行为。不过，为了更全面地覆盖各种可能的对话情况，可以考虑增加以下行为：

- **邀请**：用于提出邀请或提议共同参与某事的行为。
- **拒绝**：明确表示不愿意接受提议或邀请的行为。
- **投诉**：对产品、服务或体验
*************************0*************************
```json
[
    {
        "name": "咨询",
        "description": "询问信息或寻求帮助的行为"
    },
    {
        "name": "反馈",
        "description": "提供意见、建议或评价的行为"
    },
    {
        "name": "阐述",
        "description": "详细说明或解释某个观点或情况的行为"
    },
    {
        "name": "确认",
        "description": "验证信息正确性或确认理解的行为"
    },
    {
        "name": "解释",
        "description": "对某个概念、过程或现象进行详细说明的行为"
    },
    {
        "name": "请求",
        "description": "提出需求或要求的行为"
    },
    {
        "name": "接受",
        "description": "同意或接收提议、邀请或提供的内容的行为"
    },
    {
        "name": "问候",
        "description": "表达友好或礼貌的打招呼行为"
    },
    {
        "name": "闲聊",
        "description": "非正式交流，用于建立关系或轻松对话的行为"
    },
    {
        "name": "道歉",
        "description": "对错误或不便表示歉意的行为"
    },
    {
        "name": "感谢",
        "description": "对帮助、礼物或服务表示感激的行为"
    },
    {
        "name": "建议",
        "description": "提供解决方案或推荐选项的行为"
    },
    {
        "name": "邀请",
        "description": "提出邀请或提议共同参与某事的行为"
    },
    {
        "name": "拒绝",
        "description": "明确表示不愿意接受提议或邀请的行为"
    },
    {
        "name": "投诉",
        "description": "对产品、服务或体验的不满或问题进行报告的行为"
    },
    {
        "name": "请求确认",
        "description": "在特定情况下，再次确认对方是否理解或同意的行为"
    },
    {
        "name": "确认理解",
        "description": "明确表达已经理解了对话内容的行为"
    },
    {
        "name": "总结",
        "description": "概括讨论要点或结论的行为"
    },
    {
        "name": "重申",
        "description": "强调或重复重要信息的行为"
    },
    {
        "name": "提问",
*************************0*************************
```json
[
    {
        "name": "咨询",
        "description": "询问信息或寻求帮助的行为"
    },
    {
        "name": "反馈",
        "description": "提供意见、建议或评价的行为"
    },
    {
        "name": "阐述",
        "description": "详细说明或解释某个观点或情况的行为"
    },
    {
        "name": "确认",
        "description": "验证信息准确性的行为"
    },
    {
        "name": "解释",
        "description": "对某个概念、过程或现象进行详细说明的行为"
    },
    {
        "name": "请求",
        "description": "要求提供某种资源、服务或信息的行为"
    },
    {
        "name": "接受",
        "description": "同意或接收提议、邀请或提供的内容的行为"
    },
    {
        "name": "问候",
        "description": "表达友好或礼貌的打招呼行为"
    },
    {
        "name": "闲聊",
        "description": "非正式交流，用于建立联系或轻松对话的行为"
    },
    {
        "name": "道歉",
        "description": "对错误或不便表示歉意的行为"
    },
    {
        "name": "感谢",
        "description": "对帮助、礼物或好意表示感激的行为"
    },
    {
        "name": "建议",
        "description": "提出解决方案或推荐选项的行为"
    }
]
```

## 修改建议
原始体系中缺少了一些常见的对话行为，例如道歉、感谢和建议。这些行为在日常对话中非常常见，对于构建更全面的对话行为体系是必要的。

- **增加**：`道歉`、`感谢`、`建议`
- **描述**：为新增的对话行为提供了简短的描述，以确保它们在实际应用中的明确性和功能性。

通过以上修改，该对话行为体系更加完善，能够覆盖更多种类的对话场景和用户行为。
*************************0*************************
```json
[
    {
        "name": "咨询",
        "description": "询问信息或寻求帮助的行为"
    },
    {
        "name": "反馈",
        "description": "提供关于产品、服务或体验的意见或建议的行为"
    },
    {
        "name": "阐述",
        "description": "详细说明某个观点或情况的行为"
    },
    {
        "name": "确认",
        "description": "确认信息或请求的准确性的行为"
    },
    {
        "name": "解释",
        "description": "对某个概念、过程或现象进行解释的行为"
    },
    {
        "name": "请求",
        "description": "要求提供某种信息、服务或资源的行为"
    },
    {
        "name": "接受",
        "description": "同意或接收某个提议、邀请或条件的行为"
    },
    {
        "name": "问候",
        "description": "表达友好和礼貌的打招呼行为"
    },
    {
        "name": "闲聊",
        "description": "非正式交流，用于建立联系或轻松对话的行为"
    },
    {
        "name": "道歉",
        "description": "为错误或不便向对方表示歉意的行为"
    },
    {
        "name": "感谢",
        "description": "对他人提供的帮助或服务表示感激的行为"
    },
    {
        "name": "建议",
        "description": "提出解决方案或推荐选项的行为"
    }
]
```

## 修改建议
原始体系中缺少了一些基本的对话行为，例如道歉、感谢、建议等。这些行为在日常对话中非常常见，且对于构建更自然、更人性化的对话体验至关重要。因此，我建议增加这三种行为，并对体系进行了完善。

- **道歉**：为错误或不便向对方表示歉意的行为。
- **感谢**：对他人提供的帮助或服务表示感激的行为。
- **建议**：提出解决方案或推荐选项的行为。

通过增加这三种行为，对话行为体系变得更加全面，能够更好地覆盖各种对话场景中的需求。
*************************0*************************
```json
[
    {
        "name": "咨询",
        "description": "询问信息或寻求帮助的行为"
    },
    {
        "name": "反馈",
        "description": "提供关于产品、服务或体验的意见或建议的行为"
    },
    {
        "name": "阐述",
        "description": "详细说明某个观点或情况的行为"
    },
    {
        "name": "确认",
        "description": "确认信息或请求的准确性的行为"
    },
    {
        "name": "解释",
        "description": "对某个概念、过程或现象进行解释的行为"
    },
    {
        "name": "请求",
        "description": "要求提供某种信息、服务或资源的行为"
    },
    {
        "name": "接受",
        "description": "同意或接收某个提议、邀请或条件的行为"
    },
    {
        "name": "问候",
        "description": "表达友好和礼貌的打招呼行为"
    },
    {
        "name": "闲聊",
        "description": "非正式交流，用于建立联系或轻松对话的行为"
    },
    {
        "name": "道歉",
        "description": "为错误或不便向对方表示歉意的行为"
    },
    {
        "name": "感谢",
        "description": "对他人提供的帮助或服务表示感激的行为"
    },
    {
        "name": "建议",
        "description": "提出解决方案或推荐选项的行为"
    },
    {
        "name": "投诉",
        "description": "针对产品、服务或体验的问题或不满进行表达的行为"
    },
    {
        "name": "请求报价",
        "description": "请求获取价格、成本或费用信息的行为"
    },
    {
        "name": "确认订单",
        "description": "确认购买、预订或服务请求的细节的行为"
    }
]
```
